<?xml version="1.0" encoding="UTF-8"?>
<testsuite hostname="shithole" name="com.googleUK.testcases.CreateAccountTest" tests="1" failures="1" timestamp="6 Apr 2015 16:06:27 GMT" time="17.137" errors="0">
  <testcase name="validateMesage" time="12.827" classname="com.googleUK.testcases.CreateAccountTest">
    <failure type="java.lang.AssertionError" message="expected:&amp;lt;You can&amp;apos;t leave this emptyxx.&amp;gt; but was:&amp;lt;You can&amp;apos;t leave this empty.&amp;gt;">
      <![CDATA[java.lang.AssertionError: expected:<You can't leave this emptyxx.> but was:<You can't leave this empty.>
	at com.googleUK.pages.GoogleUK_CreateAccount_Page.validateMessage(GoogleUK_CreateAccount_Page.java:97)
	at com.googleUK.testcases.CreateAccountTest.validateMesage(CreateAccountTest.java:44)
	at org.apache.maven.surefire.testng.TestNGExecutor.run(TestNGExecutor.java:77)
	at org.apache.maven.surefire.testng.TestNGDirectoryTestSuite.executeMulti(TestNGDirectoryTestSuite.java:159)
	at org.apache.maven.surefire.testng.TestNGDirectoryTestSuite.execute(TestNGDirectoryTestSuite.java:99)
	at org.apache.maven.surefire.testng.TestNGProvider.invoke(TestNGProvider.java:106)
	at org.apache.maven.surefire.util.ReflectionUtils.invokeMethodWithArray(ReflectionUtils.java:189)
	at org.apache.maven.surefire.booter.ProviderFactory$ProviderProxy.invoke(ProviderFactory.java:165)
	at org.apache.maven.surefire.booter.ProviderFactory.invokeProvider(ProviderFactory.java:85)
	at org.apache.maven.surefire.booter.ForkedBooter.runSuitesInProcess(ForkedBooter.java:115)
	at org.apache.maven.surefire.booter.ForkedBooter.main(ForkedBooter.java:75)
... Removed 31 stack frames]]>
    </failure>
  </testcase>
</testsuite>
